<?xml version="1.0" encoding="UTF-8"?>
<!-- Generated by org.testng.reporters.JUnitReportReporter -->
<testsuite hostname="DESKTOP-E77DV7E" failures="0" tests="1" name="swagger.ToverifyAtivities" time="4.123" errors="0" timestamp="2025-01-03T16:17:22 IST" skipped="0">
  <testcase classname="swagger.ToverifyAtivities" name="toVerifyGetActivities" time="4.123"/>
</testsuite> <!-- swagger.ToverifyAtivities -->
