<?xml version="1.0" encoding="UTF-8"?>
<!-- Generated by org.testng.reporters.JUnitReportReporter -->
<testsuite hostname="LAPTOP-SBMLAPFQ" failures="0" tests="1" name="swagger.ToVerifyBookfromSwagger" time="5.767" errors="0" timestamp="2025-01-03T16:24:43 IST" skipped="0">
  <testcase classname="swagger.ToVerifyBookfromSwagger" name="verifyGetBookRequest" time="5.767"/>
</testsuite> <!-- swagger.ToVerifyBookfromSwagger -->
