<?xml version="1.0" encoding="UTF-8"?>
<!-- Generated by org.testng.reporters.JUnitReportReporter -->
<testsuite hostname="DESKTOP-E77DV7E" failures="0" tests="1" name="swagger.AtivitiesFromSwagger" time="5.497" errors="0" timestamp="2025-01-03T18:07:05 IST" skipped="0">
  <testcase classname="swagger.AtivitiesFromSwagger" name="toVerifyPostActivities" time="5.497"/>
</testsuite> <!-- swagger.AtivitiesFromSwagger -->
