<?xml version="1.0" encoding="UTF-8"?>
<!-- Generated by org.testng.reporters.JUnitReportReporter -->
<testsuite hostname="DESKTOP-EJEH0E2" failures="0" tests="1" name="swagger.ToVerifyAuthorsFromSwagger" time="5.839" errors="0" timestamp="2024-12-17T14:52:15 IST" skipped="0">
  <testcase classname="swagger.ToVerifyAuthorsFromSwagger" name="verifyGetInvalidAuthorDetailsByValidId" time="5.839"/>
</testsuite> <!-- swagger.ToVerifyAuthorsFromSwagger -->
